<?xml version="1.0" encoding="UTF-8"?>
<!-- Generated by org.testng.reporters.JUnitXMLReporter -->
<testsuite ignored="8" hostname="Elint" failures="0" tests="0" name="BookMyShow Search" time="0.008" errors="0" timestamp="2025-10-27T22:16:53 IST">
  <testcase classname="Tests.HomepageTest" name="veiwingAllCities" time="0.0">
    <ignored/>
  </testcase> <!-- veiwingAllCities -->
  <testcase classname="Tests.HomepageTest" name="changeCity" time="0.0">
    <ignored/>
  </testcase> <!-- changeCity -->
  <testcase classname="Tests.HomepageTest" name="detailsOfProgram" time="0.0">
    <ignored/>
  </testcase> <!-- detailsOfProgram -->
  <testcase classname="Tests.HomepageTest" name="footerVerification" time="0.0">
    <ignored/>
  </testcase> <!-- footerVerification -->
  <testcase classname="Tests.HomepageTest" name="checkProgram" time="0.0">
    <ignored/>
  </testcase> <!-- checkProgram -->
  <testcase classname="Tests.HomepageTest" name="clickAndClose" time="0.0">
    <ignored/>
  </testcase> <!-- clickAndClose -->
  <testcase classname="Tests.HomepageTest" name="selectCityOnSearch" time="0.0">
    <ignored/>
  </testcase> <!-- selectCityOnSearch -->
  <testcase classname="Tests.HomepageTest" name="searchAndActiveFunctionality" time="0.0">
    <ignored/>
  </testcase> <!-- searchAndActiveFunctionality -->
</testsuite> <!-- BookMyShow Search -->
