<?xml version="1.0" encoding="UTF-8"?>
<!-- Generated by org.testng.reporters.JUnitXMLReporter -->
<testsuite ignored="9" hostname="Elint" failures="1" tests="1" name="Run City Tests" time="4.308" errors="0" timestamp="2025-10-27T22:20:40 IST">
  <testcase classname="Tests.HomepageTest" name="selectPopularCity" time="0.253">
    <failure type="java.lang.NullPointerException" message="Cannot invoke &amp;quot;com.aventstack.extentreports.ExtentTest.log(com.aventstack.extentreports.Status, String)&amp;quot; because the return value of &amp;quot;Utils.ExtentTestManager.getExtentTest()&amp;quot; is null">
      <![CDATA[java.lang.NullPointerException: Cannot invoke "com.aventstack.extentreports.ExtentTest.log(com.aventstack.extentreports.Status, String)" because the return value of "Utils.ExtentTestManager.getExtentTest()" is null
at Utils.ExtentTestManager.logInfo(ExtentTestManager.java:30)
at Tests.HomepageTest.selectPopularCity(HomepageTest.java:60)
at java.base/java.util.ArrayList.forEach(ArrayList.java:1596)
... Removed 25 stack frames]]>
    </failure>
  </testcase> <!-- selectPopularCity -->
  <testcase classname="Tests.HomepageTest" name="footerVerification" time="0.0">
    <ignored/>
  </testcase> <!-- footerVerification -->
  <testcase classname="Tests.SearchBarTest" name="searchMovie" time="0.0">
    <ignored/>
  </testcase> <!-- searchMovie -->
  <testcase classname="Tests.HomepageTest" name="checkProgram" time="0.0">
    <ignored/>
  </testcase> <!-- checkProgram -->
  <testcase classname="Tests.HomepageTest" name="changeCity" time="0.0">
    <ignored/>
  </testcase> <!-- changeCity -->
  <testcase classname="Tests.HomepageTest" name="selectCityOnSearch" time="0.0">
    <ignored/>
  </testcase> <!-- selectCityOnSearch -->
  <testcase classname="Tests.HomepageTest" name="detailsOfProgram" time="0.0">
    <ignored/>
  </testcase> <!-- detailsOfProgram -->
  <testcase classname="Tests.HomepageTest" name="clickAndClose" time="0.0">
    <ignored/>
  </testcase> <!-- clickAndClose -->
  <testcase classname="Tests.HomepageTest" name="searchAndActiveFunctionality" time="0.0">
    <ignored/>
  </testcase> <!-- searchAndActiveFunctionality -->
  <testcase classname="Tests.HomepageTest" name="veiwingAllCities" time="0.0">
    <ignored/>
  </testcase> <!-- veiwingAllCities -->
</testsuite> <!-- Run City Tests -->
