<?xml version="1.0" encoding="UTF-8"?>
<!-- Generated by org.testng.reporters.JUnitXMLReporter -->
<testsuite ignored="7" hostname="Elint" failures="0" tests="2" name="Default test" time="11.855" errors="0" timestamp="2025-10-27T18:55:08 IST">
  <testcase classname="Tests.HomepageTest" name="selectPopularCity" time="0.322"/>
  <testcase classname="Tests.HomepageTest" name="footerVerification" time="6.737"/>
  <testcase classname="Tests.HomepageTest" name="detailsOfProgram" time="0.0">
    <ignored/>
  </testcase> <!-- detailsOfProgram -->
  <testcase classname="Tests.HomepageTest" name="changeCity" time="0.0">
    <ignored/>
  </testcase> <!-- changeCity -->
  <testcase classname="Tests.HomepageTest" name="searchAndActiveFunctionality" time="0.0">
    <ignored/>
  </testcase> <!-- searchAndActiveFunctionality -->
  <testcase classname="Tests.HomepageTest" name="selectCityOnSearch" time="0.0">
    <ignored/>
  </testcase> <!-- selectCityOnSearch -->
  <testcase classname="Tests.HomepageTest" name="checkProgram" time="0.0">
    <ignored/>
  </testcase> <!-- checkProgram -->
  <testcase classname="Tests.HomepageTest" name="veiwingAllCities" time="0.0">
    <ignored/>
  </testcase> <!-- veiwingAllCities -->
  <testcase classname="Tests.HomepageTest" name="clickAndClose" time="0.0">
    <ignored/>
  </testcase> <!-- clickAndClose -->
</testsuite> <!-- Default test -->
