<?xml version="1.0" encoding="UTF-8"?>
<testng-results ignored="0" total="1" passed="1" failed="0" skipped="0">
  <reporter-output>
  </reporter-output>
  <suite started-at="2025-10-27T22:33:37 IST" name="Default suite" finished-at="2025-10-27T22:33:44 IST" duration-ms="6381">
    <groups>
    </groups>
    <test started-at="2025-10-27T22:33:37 IST" name="Default test" finished-at="2025-10-27T22:33:44 IST" duration-ms="6381">
      <class name="Tests.SearchBarTest">
        <test-method is-config="true" signature="createDriver()[pri:0, instance:Tests.SearchBarTest@31190526]" started-at="2025-10-27T22:33:37 IST" name="createDriver" finished-at="2025-10-27T22:33:41 IST" duration-ms="3927" status="PASS">
          <reporter-output>
          </reporter-output>
        </test-method> <!-- createDriver -->
        <test-method is-config="true" signature="beforeMethod(java.lang.reflect.Method)[pri:0, instance:Tests.SearchBarTest@31190526]" started-at="2025-10-27T22:33:41 IST" name="beforeMethod" finished-at="2025-10-27T22:33:42 IST" duration-ms="256" status="PASS">
          <params>
            <param index="0">
              <value>
                <![CDATA[public void Tests.SearchBarTest.searchMovie() throws java.lang.Exception]]>
              </value>
            </param>
          </params>
          <reporter-output>
          </reporter-output>
        </test-method> <!-- beforeMethod -->
        <test-method is-config="true" signature="beforeMethod()[pri:0, instance:Tests.SearchBarTest@31190526]" started-at="2025-10-27T22:33:42 IST" name="beforeMethod" finished-at="2025-10-27T22:33:42 IST" duration-ms="41" status="PASS">
          <reporter-output>
          </reporter-output>
        </test-method> <!-- beforeMethod -->
        <test-method signature="searchMovie()[pri:0, instance:Tests.SearchBarTest@31190526]" started-at="2025-10-27T22:33:42 IST" name="searchMovie" finished-at="2025-10-27T22:33:43 IST" duration-ms="1593" status="PASS">
          <reporter-output>
          </reporter-output>
        </test-method> <!-- searchMovie -->
        <test-method is-config="true" signature="afterEachMethod(org.testng.ITestResult,java.lang.reflect.Method)[pri:0, instance:Tests.SearchBarTest@31190526]" started-at="2025-10-27T22:33:43 IST" name="afterEachMethod" finished-at="2025-10-27T22:33:43 IST" duration-ms="0" status="PASS">
          <params>
            <param index="0">
              <value>
                <![CDATA[[TestResult name=searchMovie status=SUCCESS method=SearchBarTest.searchMovie()[pri:0, instance:Tests.SearchBarTest@31190526] output={null}]]]>
              </value>
            </param>
            <param index="1">
              <value>
                <![CDATA[public void Tests.SearchBarTest.searchMovie() throws java.lang.Exception]]>
              </value>
            </param>
          </params>
          <reporter-output>
          </reporter-output>
        </test-method> <!-- afterEachMethod -->
        <test-method is-config="true" signature="afterTestComplete()[pri:0, instance:Tests.SearchBarTest@31190526]" started-at="2025-10-27T22:33:43 IST" name="afterTestComplete" finished-at="2025-10-27T22:33:44 IST" duration-ms="516" status="PASS">
          <reporter-output>
          </reporter-output>
        </test-method> <!-- afterTestComplete -->
      </class> <!-- Tests.SearchBarTest -->
    </test> <!-- Default test -->
  </suite> <!-- Default suite -->
</testng-results>
