<?xml version="1.0" encoding="UTF-8"?>
<testng-results ignored="7" total="9" passed="2" failed="0" skipped="0">
  <reporter-output>
  </reporter-output>
  <suite started-at="2025-10-27T18:54:56 IST" name="Default suite" finished-at="2025-10-27T18:55:08 IST" duration-ms="11855">
    <groups>
    </groups>
    <test started-at="2025-10-27T18:54:56 IST" name="Default test" finished-at="2025-10-27T18:55:08 IST" duration-ms="11855">
      <class name="Tests.HomepageTest">
        <test-method is-config="true" signature="createDriver()[pri:0, instance:Tests.HomepageTest@1e800aaa]" started-at="2025-10-27T18:54:56 IST" name="createDriver" finished-at="2025-10-27T18:55:00 IST" duration-ms="3929" status="PASS">
          <reporter-output>
          </reporter-output>
        </test-method> <!-- createDriver -->
        <test-method is-config="true" signature="beforeMethod(java.lang.reflect.Method)[pri:0, instance:Tests.HomepageTest@1e800aaa]" started-at="2025-10-27T18:55:00 IST" name="beforeMethod" finished-at="2025-10-27T18:55:00 IST" duration-ms="242" status="PASS">
          <params>
            <param index="0">
              <value>
                <![CDATA[public void Tests.HomepageTest.selectPopularCity()]]>
              </value>
            </param>
          </params>
          <reporter-output>
          </reporter-output>
        </test-method> <!-- beforeMethod -->
        <test-method is-config="true" signature="beforeMethod()[pri:0, instance:Tests.HomepageTest@1e800aaa]" started-at="2025-10-27T18:55:00 IST" name="beforeMethod" finished-at="2025-10-27T18:55:00 IST" duration-ms="83" status="PASS">
          <reporter-output>
          </reporter-output>
        </test-method> <!-- beforeMethod -->
        <test-method signature="selectPopularCity()[pri:0, instance:Tests.HomepageTest@1e800aaa]" started-at="2025-10-27T18:55:00 IST" name="selectPopularCity" finished-at="2025-10-27T18:55:00 IST" duration-ms="322" status="PASS">
          <reporter-output>
          </reporter-output>
        </test-method> <!-- selectPopularCity -->
        <test-method is-config="true" signature="afterEachMethod(org.testng.ITestResult,java.lang.reflect.Method)[pri:0, instance:Tests.HomepageTest@1e800aaa]" started-at="2025-10-27T18:55:00 IST" name="afterEachMethod" finished-at="2025-10-27T18:55:00 IST" duration-ms="7" status="PASS">
          <params>
            <param index="0">
              <value>
                <![CDATA[[TestResult name=selectPopularCity status=SUCCESS method=HomepageTest.selectPopularCity()[pri:0, instance:Tests.HomepageTest@1e800aaa] output={null}]]]>
              </value>
            </param>
            <param index="1">
              <value>
                <![CDATA[public void Tests.HomepageTest.selectPopularCity()]]>
              </value>
            </param>
          </params>
          <reporter-output>
          </reporter-output>
        </test-method> <!-- afterEachMethod -->
        <test-method signature="footerVerification()[pri:0, instance:Tests.HomepageTest@1e800aaa]" started-at="2025-10-27T18:55:00 IST" name="footerVerification" finished-at="2025-10-27T18:55:07 IST" depends-on-methods="Tests.HomepageTest.selectPopularCity" duration-ms="6737" status="PASS">
          <reporter-output>
          </reporter-output>
        </test-method> <!-- footerVerification -->
        <test-method is-config="true" signature="beforeMethod(java.lang.reflect.Method)[pri:0, instance:Tests.HomepageTest@1e800aaa]" started-at="2025-10-27T18:55:00 IST" name="beforeMethod" finished-at="2025-10-27T18:55:00 IST" duration-ms="0" status="PASS">
          <params>
            <param index="0">
              <value>
                <![CDATA[public void Tests.HomepageTest.footerVerification()]]>
              </value>
            </param>
          </params>
          <reporter-output>
          </reporter-output>
        </test-method> <!-- beforeMethod -->
        <test-method is-config="true" signature="beforeMethod()[pri:0, instance:Tests.HomepageTest@1e800aaa]" started-at="2025-10-27T18:55:00 IST" name="beforeMethod" finished-at="2025-10-27T18:55:00 IST" duration-ms="0" status="PASS">
          <reporter-output>
          </reporter-output>
        </test-method> <!-- beforeMethod -->
        <test-method is-config="true" signature="afterTestComplete()[pri:0, instance:Tests.HomepageTest@1e800aaa]" started-at="2025-10-27T18:55:07 IST" name="afterTestComplete" finished-at="2025-10-27T18:55:08 IST" duration-ms="486" status="PASS">
          <reporter-output>
          </reporter-output>
        </test-method> <!-- afterTestComplete -->
        <test-method is-config="true" signature="afterEachMethod(org.testng.ITestResult,java.lang.reflect.Method)[pri:0, instance:Tests.HomepageTest@1e800aaa]" started-at="2025-10-27T18:55:07 IST" name="afterEachMethod" finished-at="2025-10-27T18:55:07 IST" duration-ms="0" status="PASS">
          <params>
            <param index="0">
              <value>
                <![CDATA[[TestResult name=footerVerification status=SUCCESS method=HomepageTest.footerVerification()[pri:0, instance:Tests.HomepageTest@1e800aaa] output={null}]]]>
              </value>
            </param>
            <param index="1">
              <value>
                <![CDATA[public void Tests.HomepageTest.footerVerification()]]>
              </value>
            </param>
          </params>
          <reporter-output>
          </reporter-output>
        </test-method> <!-- afterEachMethod -->
      </class> <!-- Tests.HomepageTest -->
    </test> <!-- Default test -->
  </suite> <!-- Default suite -->
</testng-results>
